#
# There is insufficient memory for the Java Runtime Environment to continue.
# Native memory allocation (mmap) failed to map 266338304 bytes for G1 virtual space
# Possible reasons:
#   The system is out of physical RAM or swap space
#   The process is running with CompressedOops enabled, and the Java Heap may be blocking the growth of the native heap
# Possible solutions:
#   Reduce memory load on the system
#   Increase physical memory or swap space
#   Check if swap backing store is full
#   Decrease Java heap size (-Xmx/-Xms)
#   Decrease number of Java threads
#   Decrease Java thread stack sizes (-Xss)
#   Set larger code cache with -XX:ReservedCodeCacheSize=
#   JVM is running with Zero Based Compressed Oops mode in which the Java heap is
#     placed in the first 32GB address space. The Java Heap base address is the
#     maximum limit for the native heap growth. Please use -XX:HeapBaseMinAddress
#     to set the Java Heap base and to place the Java Heap above 32GB virtual address.
# This output file may be truncated or incomplete.
#
#  Out of Memory Error (os_windows.cpp:3600), pid=19440, tid=13260
#
# JRE version:  (21.0.1+12) (build )
# Java VM: OpenJDK 64-Bit Server VM (21.0.1+12-29, mixed mode, sharing, tiered, compressed oops, compressed class ptrs, g1 gc, windows-amd64)
# No core dump will be written. Minidumps are not enabled by default on client versions of Windows
#

---------------  S U M M A R Y ------------

Command Line: -Dnet.bytebuddy.agent.attacher.dump= net.bytebuddy.agent.Attacher com.sun.tools.attach.VirtualMachine 1100 C:\Users\isaac\.gradle\caches\modules-2\files-2.1\net.bytebuddy\byte-buddy-agent\1.15.11\a38b16385e867f59a641330f0362ebe742788ed8\byte-buddy-agent-1.15.11.jar false 

Host: Intel(R) Core(TM) i5-5300U CPU @ 2.30GHz, 4 cores, 15G,  Windows 10 , 64 bit Build 19041 (10.0.19041.5678)
Time: Thu Apr 17 05:51:31 2025 Eastern Daylight Time elapsed time: 0.019544 seconds (0d 0h 0m 0s)

---------------  T H R E A D  ---------------

Current thread (0x0000029ca0a0e840):  JavaThread "Unknown thread" [_thread_in_vm, id=13260, stack(0x000000f8c6a00000,0x000000f8c6b00000) (1024K)]

Stack: [0x000000f8c6a00000,0x000000f8c6b00000]
Native frames: (J=compiled Java code, j=interpreted, Vv=VM code, C=native code)
V  [jvm.dll+0x6c9029]
V  [jvm.dll+0x854b81]
V  [jvm.dll+0x856e5e]
V  [jvm.dll+0x857543]
V  [jvm.dll+0x280c06]
V  [jvm.dll+0x6c5715]
V  [jvm.dll+0x6ba10a]
V  [jvm.dll+0x3557ea]
V  [jvm.dll+0x35d436]
V  [jvm.dll+0x3ae1be]
V  [jvm.dll+0x3ae468]
V  [jvm.dll+0x3291fc]
V  [jvm.dll+0x329d8b]
V  [jvm.dll+0x81d179]
V  [jvm.dll+0x3bb4f1]
V  [jvm.dll+0x805ae8]
V  [jvm.dll+0x44effe]
V  [jvm.dll+0x450901]
C  [jli.dll+0x52a3]
C  [ucrtbase.dll+0x21bb2]
C  [KERNEL32.DLL+0x17374]
C  [ntdll.dll+0x4cc91]


---------------  P R O C E S S  ---------------

Threads class SMR info:
_java_thread_list=0x00007ff9f9689b88, length=0, elements={
}

Java Threads: ( => current thread )
Total: 0

Other Threads:
  0x0000029ca2bcf7f0 WorkerThread "GC Thread#0"                     [id=10328, stack(0x000000f8c6b00000,0x000000f8c6c00000) (1024K)]
  0x0000029ca2be0660 ConcurrentGCThread "G1 Main Marker"            [id=15052, stack(0x000000f8c6c00000,0x000000f8c6d00000) (1024K)]
  0x0000029ca2be2080 WorkerThread "G1 Conc#0"                       [id=4372, stack(0x000000f8c6d00000,0x000000f8c6e00000) (1024K)]

[error occurred during error reporting (printing all threads), id 0xc0000005, EXCEPTION_ACCESS_VIOLATION (0xc0000005) at pc=0x00007ff9f8dfc2c7]
VM state: not at safepoint (not fully initialized)

VM Mutex/Monitor currently owned by a thread:  ([mutex/lock_event])
[0x00007ff9f96fa6f8] Heap_lock - owner thread: 0x0000029ca0a0e840

Heap address: 0x0000000702200000, size: 4062 MB, Compressed Oops mode: Zero based, Oop shift amount: 3

CDS archive(s) mapped at: [0x0000000000000000-0x0000000000000000-0x0000000000000000), size 0, SharedBaseAddress: 0x0000000800000000, ArchiveRelocationMode: 1.
Narrow klass base: 0x0000000000000000, Narrow klass shift: 0, Narrow klass range: 0x0

GC Precious Log:
 CardTable entry size: 512
 Card Set container configuration: InlinePtr #cards 4 size 8 Array Of Cards #cards 16 size 48 Howl #buckets 8 coarsen threshold 3686 Howl Bitmap #cards 512 size 80 coarsen threshold 460 Card regions per heap region 1 cards per card region 4096

Heap:
 garbage-first heap   total 0K, used 0K [0x0000000702200000, 0x0000000800000000)
  region size 2048K, 0 young (0K), 0 survivors (0K)

[error occurred during error reporting (printing heap information), id 0xc0000005, EXCEPTION_ACCESS_VIOLATION (0xc0000005) at pc=0x00007ff9f91e1be9]
GC Heap History (0 events):
No events

Dll operation events (1 events):
Event: 0.010 Loaded shared library C:\Users\isaac\.jdks\openjdk-21.0.1\bin\java.dll

Deoptimization events (0 events):
No events

Classes loaded (0 events):
No events

Classes unloaded (0 events):
No events

Classes redefined (0 events):
No events

Internal exceptions (0 events):
No events

ZGC Phase Switch (0 events):
No events

VM Operations (0 events):
No events

Events (0 events):
No events


Dynamic libraries:
0x00007ff6a4d30000 - 0x00007ff6a4d3e000 	C:\Users\isaac\.jdks\openjdk-21.0.1\bin\java.exe
0x00007ffa34210000 - 0x00007ffa34408000 	C:\Windows\SYSTEM32\ntdll.dll
0x00007ffa33940000 - 0x00007ffa33a02000 	C:\Windows\System32\KERNEL32.DLL
0x00007ffa31c40000 - 0x00007ffa31f36000 	C:\Windows\System32\KERNELBASE.dll
0x00007ffa31aa0000 - 0x00007ffa31ba0000 	C:\Windows\System32\ucrtbase.dll
0x00007ffa22680000 - 0x00007ffa2269b000 	C:\Users\isaac\.jdks\openjdk-21.0.1\bin\VCRUNTIME140.dll
0x00007ffa1a420000 - 0x00007ffa1a438000 	C:\Users\isaac\.jdks\openjdk-21.0.1\bin\jli.dll
0x00007ffa323e0000 - 0x00007ffa3257d000 	C:\Windows\System32\USER32.dll
0x00007ffa1eb70000 - 0x00007ffa1ee0a000 	C:\Windows\WinSxS\amd64_microsoft.windows.common-controls_6595b64144ccf1df_6.0.19041.4355_none_60b8b9eb71f62e16\COMCTL32.dll
0x00007ffa318a0000 - 0x00007ffa318c2000 	C:\Windows\System32\win32u.dll
0x00007ffa32fe0000 - 0x00007ffa3307e000 	C:\Windows\System32\msvcrt.dll
0x00007ffa341a0000 - 0x00007ffa341cb000 	C:\Windows\System32\GDI32.dll
0x00007ffa318d0000 - 0x00007ffa319ea000 	C:\Windows\System32\gdi32full.dll
0x00007ffa31ba0000 - 0x00007ffa31c3d000 	C:\Windows\System32\msvcp_win.dll
0x00007ffa32580000 - 0x00007ffa325af000 	C:\Windows\System32\IMM32.DLL
0x00007ffa1a410000 - 0x00007ffa1a41c000 	C:\Users\isaac\.jdks\openjdk-21.0.1\bin\vcruntime140_1.dll
0x00007ffa15db0000 - 0x00007ffa15e3e000 	C:\Users\isaac\.jdks\openjdk-21.0.1\bin\msvcp140.dll
0x00007ff9f8ac0000 - 0x00007ff9f97d5000 	C:\Users\isaac\.jdks\openjdk-21.0.1\bin\server\jvm.dll
0x00007ffa32800000 - 0x00007ffa328af000 	C:\Windows\System32\ADVAPI32.dll
0x00007ffa33b30000 - 0x00007ffa33bcf000 	C:\Windows\System32\sechost.dll
0x00007ffa325b0000 - 0x00007ffa326d3000 	C:\Windows\System32\RPCRT4.dll
0x00007ffa32200000 - 0x00007ffa32227000 	C:\Windows\System32\bcrypt.dll
0x00007ffa33a10000 - 0x00007ffa33a7b000 	C:\Windows\System32\WS2_32.dll
0x00007ffa22980000 - 0x00007ffa229a7000 	C:\Windows\SYSTEM32\WINMM.dll
0x00007ffa231e0000 - 0x00007ffa231ea000 	C:\Windows\SYSTEM32\VERSION.dll
0x00007ffa30da0000 - 0x00007ffa30deb000 	C:\Windows\SYSTEM32\POWRPROF.dll
0x00007ffa30c60000 - 0x00007ffa30c72000 	C:\Windows\SYSTEM32\UMPDC.dll
0x00007ffa30080000 - 0x00007ffa30092000 	C:\Windows\SYSTEM32\kernel.appcore.dll
0x00007ffa1a400000 - 0x00007ffa1a40a000 	C:\Users\isaac\.jdks\openjdk-21.0.1\bin\jimage.dll
0x00007ffa2f000000 - 0x00007ffa2f1e4000 	C:\Windows\SYSTEM32\DBGHELP.DLL
0x00007ffa28010000 - 0x00007ffa28044000 	C:\Windows\SYSTEM32\dbgcore.DLL
0x00007ffa31fc0000 - 0x00007ffa32042000 	C:\Windows\System32\bcryptPrimitives.dll
0x00007ffa162f0000 - 0x00007ffa1630f000 	C:\Users\isaac\.jdks\openjdk-21.0.1\bin\java.dll

dbghelp: loaded successfully - version: 4.0.5 - missing functions: none
symbol engine: initialized successfully - sym options: 0x614 - pdb path: .;C:\Users\isaac\.jdks\openjdk-21.0.1\bin;C:\Windows\SYSTEM32;C:\Windows\WinSxS\amd64_microsoft.windows.common-controls_6595b64144ccf1df_6.0.19041.4355_none_60b8b9eb71f62e16;C:\Users\isaac\.jdks\openjdk-21.0.1\bin\server

VM Arguments:
jvm_args: -Dnet.bytebuddy.agent.attacher.dump= 
java_command: net.bytebuddy.agent.Attacher com.sun.tools.attach.VirtualMachine 1100 C:\Users\isaac\.gradle\caches\modules-2\files-2.1\net.bytebuddy\byte-buddy-agent\1.15.11\a38b16385e867f59a641330f0362ebe742788ed8\byte-buddy-agent-1.15.11.jar false 
java_class_path (initial): C:\Users\isaac\.gradle\caches\modules-2\files-2.1\net.bytebuddy\byte-buddy-agent\1.15.11\a38b16385e867f59a641330f0362ebe742788ed8\byte-buddy-agent-1.15.11.jar
Launcher Type: SUN_STANDARD

[Global flags]
     intx CICompilerCount                          = 3                                         {product} {ergonomic}
     uint ConcGCThreads                            = 1                                         {product} {ergonomic}
     uint G1ConcRefinementThreads                  = 4                                         {product} {ergonomic}
   size_t G1HeapRegionSize                         = 2097152                                   {product} {ergonomic}
    uintx GCDrainStackTargetSize                   = 64                                        {product} {ergonomic}
   size_t InitialHeapSize                          = 266338304                                 {product} {ergonomic}
   size_t MarkStackSize                            = 4194304                                   {product} {ergonomic}
   size_t MaxHeapSize                              = 4259315712                                {product} {ergonomic}
   size_t MinHeapDeltaBytes                        = 2097152                                   {product} {ergonomic}
   size_t MinHeapSize                              = 8388608                                   {product} {ergonomic}
    uintx NonNMethodCodeHeapSize                   = 5832780                                {pd product} {ergonomic}
    uintx NonProfiledCodeHeapSize                  = 122912730                              {pd product} {ergonomic}
    uintx ProfiledCodeHeapSize                     = 122912730                              {pd product} {ergonomic}
    uintx ReservedCodeCacheSize                    = 251658240                              {pd product} {ergonomic}
     bool SegmentedCodeCache                       = true                                      {product} {ergonomic}
   size_t SoftMaxHeapSize                          = 4259315712                             {manageable} {ergonomic}
     bool UseCompressedOops                        = true                           {product lp64_product} {ergonomic}
     bool UseG1GC                                  = true                                      {product} {ergonomic}
     bool UseLargePagesIndividualAllocation        = false                                  {pd product} {ergonomic}

Logging:
Log output configuration:
 #0: stdout all=warning uptime,level,tags foldmultilines=false
 #1: stderr all=off uptime,level,tags foldmultilines=false

Environment Variables:
JAVA_HOME=C:\Program Files\Java\jdk-17
CLASSPATH=C:\Users\isaac\Downloads\MileStone_1\customers-service\\gradle\wrapper\gradle-wrapper.jar
PATH=C:\Program Files\Common Files\Oracle\Java\javapath;C:\Windows\system32;C:\Windows;C:\Windows\System32\Wbem;C:\Windows\System32\WindowsPowerShell\v1.0\;C:\Windows\System32\OpenSSH\;C:\Program Files (x86)\Druide\Antidote 9\Application\Bin64\;C:\Program Files (x86)\Druide\Antidote 9\Application\Bin32\;C:\Program Files\nodejs\;C:\Program Files\Microsoft SQL Server\150\Tools\Binn\;C:\Program Files\dotnet\;C:\Program Files\Microsoft SQL Server\Client SDK\ODBC\170\Tools\Binn\;C:\Program Files\Docker\Docker\resources\bin;C:\xampp\php;C:\composer;C:\Program Files\Git\cmd;%JAVA_HOME%\bin;C:\Program Files\MySQL\MySQL Shell 8.0\bin\;C:\Users\isaac\AppData\Local\Programs\Python\Python312\Scripts\;C:\Users\isaac\AppData\Local\Programs\Python\Python312\;C:\Users\isaac\AppData\Local\Microsoft\WindowsApps;;C:\Users\isaac\AppData\Local\Programs\Microsoft VS Code\bin;C:\Program Files\JetBrains\PyCharm 2023.3.4\bin;;C:\Users\isaac\AppData\Roaming\npm;C:\Users\isaac\.dotnet\tools;C:\Users\isaac\AppData\Roaming\Composer\vendor\bin
USERNAME=isaac
OS=Windows_NT
PROCESSOR_IDENTIFIER=Intel64 Family 6 Model 61 Stepping 4, GenuineIntel
TMP=C:\Users\isaac\AppData\Local\Temp
TEMP=C:\Users\isaac\AppData\Local\Temp




Periodic native trim disabled

---------------  S Y S T E M  ---------------

OS:
 Windows 10 , 64 bit Build 19041 (10.0.19041.5678)
OS uptime: 7 days 3:13 hours
Hyper-V role detected

CPU: total 4 (initial active 4) (2 cores per cpu, 2 threads per core) family 6 model 61 stepping 4 microcode 0x2f, cx8, cmov, fxsr, ht, mmx, 3dnowpref, sse, sse2, sse3, ssse3, sse4.1, sse4.2, popcnt, lzcnt, tsc, tscinvbit, avx, avx2, aes, erms, clmul, bmi1, bmi2, rtm, adx, fma, vzeroupper, clflush, hv, rdtscp, f16c
Processor Information for all 4 processors :
  Max Mhz: 2295, Current Mhz: 2295, Mhz Limit: 2295

Memory: 4k page, system-wide physical 16244M (2330M free)
TotalPageFile size 22119M (AvailPageFile size 186M)
current process WorkingSet (physical memory assigned to process): 10M, peak: 10M
current process commit charge ("private bytes"): 52M, peak: 305M

vm_info: OpenJDK 64-Bit Server VM (21.0.1+12-29) for windows-amd64 JRE (21.0.1+12-29), built on 2023-10-05T13:27:09Z by "mach5one" with MS VC++ 17.1 (VS2022)

END.
